┌ Warning: Module Compat with build ID fafbfcfd-1aab-c30e-0000-dd33480a232c is missing from the cache.
│ This may mean Compat [34da2185-b29b-5c13-b0c7-acf172513d20] does not support precompilation but is imported by a module that does.
└ @ Base loading.jl:1948
┌ Warning: Module Compat with build ID fafbfcfd-1aab-c30e-0000-dd33480a232c is missing from the cache.
│ This may mean Compat [34da2185-b29b-5c13-b0c7-acf172513d20] does not support precompilation but is imported by a module that does.
└ @ Base loading.jl:1948
┌ Warning: Module Compat with build ID fafbfcfd-1aab-c30e-0000-dd33480a232c is missing from the cache.
│ This may mean Compat [34da2185-b29b-5c13-b0c7-acf172513d20] does not support precompilation but is imported by a module that does.
└ @ Base loading.jl:1948
┌ Warning: Module DataStructures with build ID ffffffff-ffff-ffff-0002-4d38cb120ecf is missing from the cache.
│ This may mean DataStructures [864edb3b-99cc-5e75-8d2d-829cb0a9cfe8] does not support precompilation but is imported by a module that does.
└ @ Base loading.jl:1948
┌ Warning: Module Statistics with build ID fafbfcfd-4e04-3df5-0002-95dc382183d5 is missing from the cache.
│ This may mean Statistics [10745b16-79ce-11e8-11f9-7d13ad32a3b2] does not support precompilation but is imported by a module that does.
└ @ Base loading.jl:1948
┌ Warning: Module Compat with build ID fafbfcfd-1aab-c30e-0000-dd33480a232c is missing from the cache.
│ This may mean Compat [34da2185-b29b-5c13-b0c7-acf172513d20] does not support precompilation but is imported by a module that does.
└ @ Base loading.jl:1948
┌ Warning: Module Compat with build ID fafbfcfd-1aab-c30e-0000-dd33480a232c is missing from the cache.
│ This may mean Compat [34da2185-b29b-5c13-b0c7-acf172513d20] does not support precompilation but is imported by a module that does.
└ @ Base loading.jl:1948
WARNING: method definition for == at /home/d/Daniel.Pals/.julia/packages/ChainRulesCore/8NXnp/src/tangent_types/tangent.jl:68 declares type variable T but does not use it.
WARNING: method definition for getindex at /home/d/Daniel.Pals/.julia/packages/ChainRulesCore/8NXnp/src/tangent_types/tangent.jl:96 declares type variable T but does not use it.
WARNING: method definition for getindex at /home/d/Daniel.Pals/.julia/packages/ChainRulesCore/8NXnp/src/tangent_types/tangent.jl:96 declares type variable P but does not use it.
WARNING: method definition for canonicalize at /home/d/Daniel.Pals/.julia/packages/ChainRulesCore/8NXnp/src/tangent_types/tangent.jl:215 declares type variable L but does not use it.
WARNING: method definition for canonicalize at /home/d/Daniel.Pals/.julia/packages/ChainRulesCore/8NXnp/src/tangent_types/tangent.jl:216 declares type variable L but does not use it.
┌ Warning: Module StaticArrays with build ID fafbfcfd-0906-5c52-0002-95d6251c7c4e is missing from the cache.
│ This may mean StaticArrays [90137ffa-7385-5640-81b9-e52037218182] does not support precompilation but is imported by a module that does.
└ @ Base loading.jl:1948
┌ Warning: Module LogExpFunctions with build ID fafbfcfd-dac4-68fe-0002-95de6a485cd3 is missing from the cache.
│ This may mean LogExpFunctions [2ab3a3ac-af41-5b50-aa03-7779005ae688] does not support precompilation but is imported by a module that does.
└ @ Base loading.jl:1948
┌ Warning: Module Statistics with build ID fafbfcfd-4e04-3df5-0002-95dc382183d5 is missing from the cache.
│ This may mean Statistics [10745b16-79ce-11e8-11f9-7d13ad32a3b2] does not support precompilation but is imported by a module that does.
└ @ Base loading.jl:1948
┌ Warning: Module AbstractFFTs with build ID fafbfcfd-df63-bf8d-0002-95e24fc6b744 is missing from the cache.
│ This may mean AbstractFFTs [621f4979-c628-5d54-868e-fcf4e3e8185c] does not support precompilation but is imported by a module that does.
└ @ Base loading.jl:1948
┌ Warning: Module JLLWrappers with build ID fafbfcfd-6a86-f632-0000-dd34091cbb1c is missing from the cache.
│ This may mean JLLWrappers [692b3bcd-3c85-4b1f-b108-f13ce0eb3210] does not support precompilation but is imported by a module that does.
└ @ Base loading.jl:1948
  Activating project at `/scratch/d/Daniel.Pals/Masterthesis/Coding/Analyse_Field_theory`
  Activating project at `/scratch/d/Daniel.Pals/Masterthesis/Coding/Analyse_Field_theory/Lattice_model`
